<?xml version="1.0" encoding="UTF-8"?>
<testsuite xmlns:xsi="http://www.w3.org/2001/XMLSchema-instance" xsi:noNamespaceSchemaLocation="https://maven.apache.org/surefire/maven-surefire-plugin/xsd/surefire-test-report.xsd" name="com.qrc.Springboot01DemoApplicationTests" time="4.721" tests="1" errors="0" skipped="0" failures="0">
  <properties>
    <property name="java.specification.version" value="18"/>
    <property name="sun.cpu.isalist" value="amd64"/>
    <property name="sun.jnu.encoding" value="GBK"/>
    <property name="java.class.path" value="D:\workplace\SSM\springBoot\springboot_01_demo\target\test-classes;D:\workplace\SSM\springBoot\springboot_01_demo\target\classes;D:\study_soft\apache-maven-3.8.6\mvn_resp\org\springframework\boot\spring-boot-starter-web\2.6.11\spring-boot-starter-web-2.6.11.jar;D:\study_soft\apache-maven-3.8.6\mvn_resp\org\springframework\boot\spring-boot-starter\2.6.11\spring-boot-starter-2.6.11.jar;D:\study_soft\apache-maven-3.8.6\mvn_resp\org\springframework\boot\spring-boot\2.6.11\spring-boot-2.6.11.jar;D:\study_soft\apache-maven-3.8.6\mvn_resp\org\springframework\boot\spring-boot-autoconfigure\2.6.11\spring-boot-autoconfigure-2.6.11.jar;D:\study_soft\apache-maven-3.8.6\mvn_resp\org\springframework\boot\spring-boot-starter-logging\2.6.11\spring-boot-starter-logging-2.6.11.jar;D:\study_soft\apache-maven-3.8.6\mvn_resp\ch\qos\logback\logback-classic\1.2.11\logback-classic-1.2.11.jar;D:\study_soft\apache-maven-3.8.6\mvn_resp\ch\qos\logback\logback-core\1.2.11\logback-core-1.2.11.jar;D:\study_soft\apache-maven-3.8.6\mvn_resp\org\apache\logging\log4j\log4j-to-slf4j\2.17.2\log4j-to-slf4j-2.17.2.jar;D:\study_soft\apache-maven-3.8.6\mvn_resp\org\apache\logging\log4j\log4j-api\2.17.2\log4j-api-2.17.2.jar;D:\study_soft\apache-maven-3.8.6\mvn_resp\org\slf4j\jul-to-slf4j\1.7.36\jul-to-slf4j-1.7.36.jar;D:\study_soft\apache-maven-3.8.6\mvn_resp\jakarta\annotation\jakarta.annotation-api\1.3.5\jakarta.annotation-api-1.3.5.jar;D:\study_soft\apache-maven-3.8.6\mvn_resp\org\yaml\snakeyaml\1.29\snakeyaml-1.29.jar;D:\study_soft\apache-maven-3.8.6\mvn_resp\org\springframework\boot\spring-boot-starter-json\2.6.11\spring-boot-starter-json-2.6.11.jar;D:\study_soft\apache-maven-3.8.6\mvn_resp\com\fasterxml\jackson\core\jackson-databind\2.13.3\jackson-databind-2.13.3.jar;D:\study_soft\apache-maven-3.8.6\mvn_resp\com\fasterxml\jackson\core\jackson-annotations\2.13.3\jackson-annotations-2.13.3.jar;D:\study_soft\apache-maven-3.8.6\mvn_resp\com\fasterxml\jackson\core\jackson-core\2.13.3\jackson-core-2.13.3.jar;D:\study_soft\apache-maven-3.8.6\mvn_resp\com\fasterxml\jackson\datatype\jackson-datatype-jdk8\2.13.3\jackson-datatype-jdk8-2.13.3.jar;D:\study_soft\apache-maven-3.8.6\mvn_resp\com\fasterxml\jackson\datatype\jackson-datatype-jsr310\2.13.3\jackson-datatype-jsr310-2.13.3.jar;D:\study_soft\apache-maven-3.8.6\mvn_resp\com\fasterxml\jackson\module\jackson-module-parameter-names\2.13.3\jackson-module-parameter-names-2.13.3.jar;D:\study_soft\apache-maven-3.8.6\mvn_resp\org\springframework\boot\spring-boot-starter-tomcat\2.6.11\spring-boot-starter-tomcat-2.6.11.jar;D:\study_soft\apache-maven-3.8.6\mvn_resp\org\apache\tomcat\embed\tomcat-embed-core\9.0.65\tomcat-embed-core-9.0.65.jar;D:\study_soft\apache-maven-3.8.6\mvn_resp\org\apache\tomcat\embed\tomcat-embed-el\9.0.65\tomcat-embed-el-9.0.65.jar;D:\study_soft\apache-maven-3.8.6\mvn_resp\org\apache\tomcat\embed\tomcat-embed-websocket\9.0.65\tomcat-embed-websocket-9.0.65.jar;D:\study_soft\apache-maven-3.8.6\mvn_resp\org\springframework\spring-web\5.3.22\spring-web-5.3.22.jar;D:\study_soft\apache-maven-3.8.6\mvn_resp\org\springframework\spring-beans\5.3.22\spring-beans-5.3.22.jar;D:\study_soft\apache-maven-3.8.6\mvn_resp\org\springframework\spring-webmvc\5.3.22\spring-webmvc-5.3.22.jar;D:\study_soft\apache-maven-3.8.6\mvn_resp\org\springframework\spring-aop\5.3.22\spring-aop-5.3.22.jar;D:\study_soft\apache-maven-3.8.6\mvn_resp\org\springframework\spring-context\5.3.22\spring-context-5.3.22.jar;D:\study_soft\apache-maven-3.8.6\mvn_resp\org\springframework\spring-expression\5.3.22\spring-expression-5.3.22.jar;D:\study_soft\apache-maven-3.8.6\mvn_resp\org\springframework\boot\spring-boot-starter-test\2.6.11\spring-boot-starter-test-2.6.11.jar;D:\study_soft\apache-maven-3.8.6\mvn_resp\org\springframework\boot\spring-boot-test\2.6.11\spring-boot-test-2.6.11.jar;D:\study_soft\apache-maven-3.8.6\mvn_resp\org\springframework\boot\spring-boot-test-autoconfigure\2.6.11\spring-boot-test-autoconfigure-2.6.11.jar;D:\study_soft\apache-maven-3.8.6\mvn_resp\com\jayway\jsonpath\json-path\2.6.0\json-path-2.6.0.jar;D:\study_soft\apache-maven-3.8.6\mvn_resp\net\minidev\json-smart\2.4.8\json-smart-2.4.8.jar;D:\study_soft\apache-maven-3.8.6\mvn_resp\net\minidev\accessors-smart\2.4.8\accessors-smart-2.4.8.jar;D:\study_soft\apache-maven-3.8.6\mvn_resp\org\ow2\asm\asm\9.1\asm-9.1.jar;D:\study_soft\apache-maven-3.8.6\mvn_resp\org\slf4j\slf4j-api\1.7.36\slf4j-api-1.7.36.jar;D:\study_soft\apache-maven-3.8.6\mvn_resp\jakarta\xml\bind\jakarta.xml.bind-api\2.3.3\jakarta.xml.bind-api-2.3.3.jar;D:\study_soft\apache-maven-3.8.6\mvn_resp\jakarta\activation\jakarta.activation-api\1.2.2\jakarta.activation-api-1.2.2.jar;D:\study_soft\apache-maven-3.8.6\mvn_resp\org\assertj\assertj-core\3.21.0\assertj-core-3.21.0.jar;D:\study_soft\apache-maven-3.8.6\mvn_resp\org\hamcrest\hamcrest\2.2\hamcrest-2.2.jar;D:\study_soft\apache-maven-3.8.6\mvn_resp\org\junit\jupiter\junit-jupiter\5.8.2\junit-jupiter-5.8.2.jar;D:\study_soft\apache-maven-3.8.6\mvn_resp\org\junit\jupiter\junit-jupiter-api\5.8.2\junit-jupiter-api-5.8.2.jar;D:\study_soft\apache-maven-3.8.6\mvn_resp\org\opentest4j\opentest4j\1.2.0\opentest4j-1.2.0.jar;D:\study_soft\apache-maven-3.8.6\mvn_resp\org\junit\platform\junit-platform-commons\1.8.2\junit-platform-commons-1.8.2.jar;D:\study_soft\apache-maven-3.8.6\mvn_resp\org\apiguardian\apiguardian-api\1.1.2\apiguardian-api-1.1.2.jar;D:\study_soft\apache-maven-3.8.6\mvn_resp\org\junit\jupiter\junit-jupiter-params\5.8.2\junit-jupiter-params-5.8.2.jar;D:\study_soft\apache-maven-3.8.6\mvn_resp\org\junit\jupiter\junit-jupiter-engine\5.8.2\junit-jupiter-engine-5.8.2.jar;D:\study_soft\apache-maven-3.8.6\mvn_resp\org\junit\platform\junit-platform-engine\1.8.2\junit-platform-engine-1.8.2.jar;D:\study_soft\apache-maven-3.8.6\mvn_resp\org\mockito\mockito-core\4.0.0\mockito-core-4.0.0.jar;D:\study_soft\apache-maven-3.8.6\mvn_resp\net\bytebuddy\byte-buddy\1.11.22\byte-buddy-1.11.22.jar;D:\study_soft\apache-maven-3.8.6\mvn_resp\net\bytebuddy\byte-buddy-agent\1.11.22\byte-buddy-agent-1.11.22.jar;D:\study_soft\apache-maven-3.8.6\mvn_resp\org\objenesis\objenesis\3.2\objenesis-3.2.jar;D:\study_soft\apache-maven-3.8.6\mvn_resp\org\mockito\mockito-junit-jupiter\4.0.0\mockito-junit-jupiter-4.0.0.jar;D:\study_soft\apache-maven-3.8.6\mvn_resp\org\skyscreamer\jsonassert\1.5.1\jsonassert-1.5.1.jar;D:\study_soft\apache-maven-3.8.6\mvn_resp\com\vaadin\external\google\android-json\0.0.20131108.vaadin1\android-json-0.0.20131108.vaadin1.jar;D:\study_soft\apache-maven-3.8.6\mvn_resp\org\springframework\spring-core\5.3.22\spring-core-5.3.22.jar;D:\study_soft\apache-maven-3.8.6\mvn_resp\org\springframework\spring-jcl\5.3.22\spring-jcl-5.3.22.jar;D:\study_soft\apache-maven-3.8.6\mvn_resp\org\springframework\spring-test\5.3.22\spring-test-5.3.22.jar;D:\study_soft\apache-maven-3.8.6\mvn_resp\org\xmlunit\xmlunit-core\2.8.4\xmlunit-core-2.8.4.jar;"/>
    <property name="java.vm.vendor" value="Oracle Corporation"/>
    <property name="sun.arch.data.model" value="64"/>
    <property name="user.variant" value=""/>
    <property name="java.vendor.url" value="https://java.oracle.com/"/>
    <property name="user.timezone" value="Asia/Shanghai"/>
    <property name="os.name" value="Windows 10"/>
    <property name="java.vm.specification.version" value="18"/>
    <property name="sun.java.launcher" value="SUN_STANDARD"/>
    <property name="user.country" value="CN"/>
    <property name="sun.boot.library.path" value="C:\Java\jdk-18\bin"/>
    <property name="sun.java.command" value="C:\Users\qrc\AppData\Local\Temp\surefire5996792766952416321\surefirebooter8066762163279157038.jar C:\Users\qrc\AppData\Local\Temp\surefire5996792766952416321 2023-03-13T15-07-10_820-jvmRun1 surefire2080209032427828953tmp surefire_02113855911363058292tmp"/>
    <property name="jdk.debug" value="release"/>
    <property name="surefire.test.class.path" value="D:\workplace\SSM\springBoot\springboot_01_demo\target\test-classes;D:\workplace\SSM\springBoot\springboot_01_demo\target\classes;D:\study_soft\apache-maven-3.8.6\mvn_resp\org\springframework\boot\spring-boot-starter-web\2.6.11\spring-boot-starter-web-2.6.11.jar;D:\study_soft\apache-maven-3.8.6\mvn_resp\org\springframework\boot\spring-boot-starter\2.6.11\spring-boot-starter-2.6.11.jar;D:\study_soft\apache-maven-3.8.6\mvn_resp\org\springframework\boot\spring-boot\2.6.11\spring-boot-2.6.11.jar;D:\study_soft\apache-maven-3.8.6\mvn_resp\org\springframework\boot\spring-boot-autoconfigure\2.6.11\spring-boot-autoconfigure-2.6.11.jar;D:\study_soft\apache-maven-3.8.6\mvn_resp\org\springframework\boot\spring-boot-starter-logging\2.6.11\spring-boot-starter-logging-2.6.11.jar;D:\study_soft\apache-maven-3.8.6\mvn_resp\ch\qos\logback\logback-classic\1.2.11\logback-classic-1.2.11.jar;D:\study_soft\apache-maven-3.8.6\mvn_resp\ch\qos\logback\logback-core\1.2.11\logback-core-1.2.11.jar;D:\study_soft\apache-maven-3.8.6\mvn_resp\org\apache\logging\log4j\log4j-to-slf4j\2.17.2\log4j-to-slf4j-2.17.2.jar;D:\study_soft\apache-maven-3.8.6\mvn_resp\org\apache\logging\log4j\log4j-api\2.17.2\log4j-api-2.17.2.jar;D:\study_soft\apache-maven-3.8.6\mvn_resp\org\slf4j\jul-to-slf4j\1.7.36\jul-to-slf4j-1.7.36.jar;D:\study_soft\apache-maven-3.8.6\mvn_resp\jakarta\annotation\jakarta.annotation-api\1.3.5\jakarta.annotation-api-1.3.5.jar;D:\study_soft\apache-maven-3.8.6\mvn_resp\org\yaml\snakeyaml\1.29\snakeyaml-1.29.jar;D:\study_soft\apache-maven-3.8.6\mvn_resp\org\springframework\boot\spring-boot-starter-json\2.6.11\spring-boot-starter-json-2.6.11.jar;D:\study_soft\apache-maven-3.8.6\mvn_resp\com\fasterxml\jackson\core\jackson-databind\2.13.3\jackson-databind-2.13.3.jar;D:\study_soft\apache-maven-3.8.6\mvn_resp\com\fasterxml\jackson\core\jackson-annotations\2.13.3\jackson-annotations-2.13.3.jar;D:\study_soft\apache-maven-3.8.6\mvn_resp\com\fasterxml\jackson\core\jackson-core\2.13.3\jackson-core-2.13.3.jar;D:\study_soft\apache-maven-3.8.6\mvn_resp\com\fasterxml\jackson\datatype\jackson-datatype-jdk8\2.13.3\jackson-datatype-jdk8-2.13.3.jar;D:\study_soft\apache-maven-3.8.6\mvn_resp\com\fasterxml\jackson\datatype\jackson-datatype-jsr310\2.13.3\jackson-datatype-jsr310-2.13.3.jar;D:\study_soft\apache-maven-3.8.6\mvn_resp\com\fasterxml\jackson\module\jackson-module-parameter-names\2.13.3\jackson-module-parameter-names-2.13.3.jar;D:\study_soft\apache-maven-3.8.6\mvn_resp\org\springframework\boot\spring-boot-starter-tomcat\2.6.11\spring-boot-starter-tomcat-2.6.11.jar;D:\study_soft\apache-maven-3.8.6\mvn_resp\org\apache\tomcat\embed\tomcat-embed-core\9.0.65\tomcat-embed-core-9.0.65.jar;D:\study_soft\apache-maven-3.8.6\mvn_resp\org\apache\tomcat\embed\tomcat-embed-el\9.0.65\tomcat-embed-el-9.0.65.jar;D:\study_soft\apache-maven-3.8.6\mvn_resp\org\apache\tomcat\embed\tomcat-embed-websocket\9.0.65\tomcat-embed-websocket-9.0.65.jar;D:\study_soft\apache-maven-3.8.6\mvn_resp\org\springframework\spring-web\5.3.22\spring-web-5.3.22.jar;D:\study_soft\apache-maven-3.8.6\mvn_resp\org\springframework\spring-beans\5.3.22\spring-beans-5.3.22.jar;D:\study_soft\apache-maven-3.8.6\mvn_resp\org\springframework\spring-webmvc\5.3.22\spring-webmvc-5.3.22.jar;D:\study_soft\apache-maven-3.8.6\mvn_resp\org\springframework\spring-aop\5.3.22\spring-aop-5.3.22.jar;D:\study_soft\apache-maven-3.8.6\mvn_resp\org\springframework\spring-context\5.3.22\spring-context-5.3.22.jar;D:\study_soft\apache-maven-3.8.6\mvn_resp\org\springframework\spring-expression\5.3.22\spring-expression-5.3.22.jar;D:\study_soft\apache-maven-3.8.6\mvn_resp\org\springframework\boot\spring-boot-starter-test\2.6.11\spring-boot-starter-test-2.6.11.jar;D:\study_soft\apache-maven-3.8.6\mvn_resp\org\springframework\boot\spring-boot-test\2.6.11\spring-boot-test-2.6.11.jar;D:\study_soft\apache-maven-3.8.6\mvn_resp\org\springframework\boot\spring-boot-test-autoconfigure\2.6.11\spring-boot-test-autoconfigure-2.6.11.jar;D:\study_soft\apache-maven-3.8.6\mvn_resp\com\jayway\jsonpath\json-path\2.6.0\json-path-2.6.0.jar;D:\study_soft\apache-maven-3.8.6\mvn_resp\net\minidev\json-smart\2.4.8\json-smart-2.4.8.jar;D:\study_soft\apache-maven-3.8.6\mvn_resp\net\minidev\accessors-smart\2.4.8\accessors-smart-2.4.8.jar;D:\study_soft\apache-maven-3.8.6\mvn_resp\org\ow2\asm\asm\9.1\asm-9.1.jar;D:\study_soft\apache-maven-3.8.6\mvn_resp\org\slf4j\slf4j-api\1.7.36\slf4j-api-1.7.36.jar;D:\study_soft\apache-maven-3.8.6\mvn_resp\jakarta\xml\bind\jakarta.xml.bind-api\2.3.3\jakarta.xml.bind-api-2.3.3.jar;D:\study_soft\apache-maven-3.8.6\mvn_resp\jakarta\activation\jakarta.activation-api\1.2.2\jakarta.activation-api-1.2.2.jar;D:\study_soft\apache-maven-3.8.6\mvn_resp\org\assertj\assertj-core\3.21.0\assertj-core-3.21.0.jar;D:\study_soft\apache-maven-3.8.6\mvn_resp\org\hamcrest\hamcrest\2.2\hamcrest-2.2.jar;D:\study_soft\apache-maven-3.8.6\mvn_resp\org\junit\jupiter\junit-jupiter\5.8.2\junit-jupiter-5.8.2.jar;D:\study_soft\apache-maven-3.8.6\mvn_resp\org\junit\jupiter\junit-jupiter-api\5.8.2\junit-jupiter-api-5.8.2.jar;D:\study_soft\apache-maven-3.8.6\mvn_resp\org\opentest4j\opentest4j\1.2.0\opentest4j-1.2.0.jar;D:\study_soft\apache-maven-3.8.6\mvn_resp\org\junit\platform\junit-platform-commons\1.8.2\junit-platform-commons-1.8.2.jar;D:\study_soft\apache-maven-3.8.6\mvn_resp\org\apiguardian\apiguardian-api\1.1.2\apiguardian-api-1.1.2.jar;D:\study_soft\apache-maven-3.8.6\mvn_resp\org\junit\jupiter\junit-jupiter-params\5.8.2\junit-jupiter-params-5.8.2.jar;D:\study_soft\apache-maven-3.8.6\mvn_resp\org\junit\jupiter\junit-jupiter-engine\5.8.2\junit-jupiter-engine-5.8.2.jar;D:\study_soft\apache-maven-3.8.6\mvn_resp\org\junit\platform\junit-platform-engine\1.8.2\junit-platform-engine-1.8.2.jar;D:\study_soft\apache-maven-3.8.6\mvn_resp\org\mockito\mockito-core\4.0.0\mockito-core-4.0.0.jar;D:\study_soft\apache-maven-3.8.6\mvn_resp\net\bytebuddy\byte-buddy\1.11.22\byte-buddy-1.11.22.jar;D:\study_soft\apache-maven-3.8.6\mvn_resp\net\bytebuddy\byte-buddy-agent\1.11.22\byte-buddy-agent-1.11.22.jar;D:\study_soft\apache-maven-3.8.6\mvn_resp\org\objenesis\objenesis\3.2\objenesis-3.2.jar;D:\study_soft\apache-maven-3.8.6\mvn_resp\org\mockito\mockito-junit-jupiter\4.0.0\mockito-junit-jupiter-4.0.0.jar;D:\study_soft\apache-maven-3.8.6\mvn_resp\org\skyscreamer\jsonassert\1.5.1\jsonassert-1.5.1.jar;D:\study_soft\apache-maven-3.8.6\mvn_resp\com\vaadin\external\google\android-json\0.0.20131108.vaadin1\android-json-0.0.20131108.vaadin1.jar;D:\study_soft\apache-maven-3.8.6\mvn_resp\org\springframework\spring-core\5.3.22\spring-core-5.3.22.jar;D:\study_soft\apache-maven-3.8.6\mvn_resp\org\springframework\spring-jcl\5.3.22\spring-jcl-5.3.22.jar;D:\study_soft\apache-maven-3.8.6\mvn_resp\org\springframework\spring-test\5.3.22\spring-test-5.3.22.jar;D:\study_soft\apache-maven-3.8.6\mvn_resp\org\xmlunit\xmlunit-core\2.8.4\xmlunit-core-2.8.4.jar;"/>
    <property name="sun.cpu.endian" value="little"/>
    <property name="user.home" value="C:\Users\qrc"/>
    <property name="user.language" value="zh"/>
    <property name="java.specification.vendor" value="Oracle Corporation"/>
    <property name="java.version.date" value="2022-03-22"/>
    <property name="java.home" value="C:\Java\jdk-18"/>
    <property name="file.separator" value="\"/>
    <property name="basedir" value="D:\workplace\SSM\springBoot\springboot_01_demo"/>
    <property name="java.vm.compressedOopsMode" value="Zero based"/>
    <property name="line.separator" value="&#10;"/>
    <property name="java.vm.specification.vendor" value="Oracle Corporation"/>
    <property name="java.specification.name" value="Java Platform API Specification"/>
    <property name="surefire.real.class.path" value="C:\Users\qrc\AppData\Local\Temp\surefire5996792766952416321\surefirebooter8066762163279157038.jar"/>
    <property name="user.script" value=""/>
    <property name="sun.management.compiler" value="HotSpot 64-Bit Tiered Compilers"/>
    <property name="java.runtime.version" value="18+36-2087"/>
    <property name="user.name" value="qrc"/>
    <property name="path.separator" value=";"/>
    <property name="os.version" value="10.0"/>
    <property name="java.runtime.name" value="Java(TM) SE Runtime Environment"/>
    <property name="file.encoding" value="UTF-8"/>
    <property name="java.vm.name" value="Java HotSpot(TM) 64-Bit Server VM"/>
    <property name="localRepository" value="D:\study_soft\apache-maven-3.8.6\mvn_resp"/>
    <property name="java.vendor.url.bug" value="https://bugreport.java.com/bugreport/"/>
    <property name="java.io.tmpdir" value="C:\Users\qrc\AppData\Local\Temp\"/>
    <property name="idea.version" value="2021.3.3"/>
    <property name="java.version" value="18"/>
    <property name="user.dir" value="D:\workplace\SSM\springBoot\springboot_01_demo"/>
    <property name="os.arch" value="amd64"/>
    <property name="java.vm.specification.name" value="Java Virtual Machine Specification"/>
    <property name="sun.os.patch.level" value=""/>
    <property name="native.encoding" value="GBK"/>
    <property name="java.library.path" value="C:\Java\jdk-18\bin;C:\WINDOWS\Sun\Java\bin;C:\WINDOWS\system32;C:\WINDOWS;C:\Program Files\NVIDIA GPU Computing Toolkit\CUDA\v11.4\bin;C:\Program Files\NVIDIA GPU Computing Toolkit\CUDA\v11.4\libnvvp;C:\Program Files\Common Files\Oracle\Java\javapath;C:\HighTec\toolchains\tricore\v4.9.1.0-infineon-2.0\bin;C:\HighTec\licensemanager;D:\computer\HighTec\toolchains\tricore\v4.9.1.0-infineon-2.0\bin;D:\computer\HighTec\licensemanager;C:\Program Files (x86)\Common Files\Oracle\Java\javapath;C:\Program Files (x86)\Intel\iCLS Client\;C:\Program Files\Intel\iCLS Client\;C:\Windows\system32;C:\Windows;C:\Windows\System32\Wbem;C:\Windows\System32\WindowsPowerShell\v1.0\;C:\Program Files (x86)\NVIDIA Corporation\PhysX\Common;C:\Program Files (x86)\Intel\Intel(R) Management Engine Components\DAL;C:\Program Files\Intel\Intel(R) Management Engine Components\DAL;C:\Program Files (x86)\Intel\Intel(R) Management Engine Components\IPT;C:\Program Files\Intel\Intel(R) Management Engine Components\IPT;C:\WINDOWS\system32;C:\WINDOWS;C:\WINDOWS\System32\Wbem;C:\WINDOWS\System32\WindowsPowerShell\v1.0\;D:\计算机常用文件;%SYSTE;ROOT%\System32\OpenSSH\;D:\computer\Java\bin;D:\computer\Java\jre\bin;C:\WINDOWS\System32\OpenSSH\;C:\Program Files\NVIDIA Corporation\NVIDIA NvDLISR;D:\computer\MATLAB_2021B\runtime\win64;D:\computer\MATLAB_2021B\bin;D:\study_soft\Git\Git\cmd;C:\Program Files\NVIDIA Corporation\Nsight Compute 2021.2.0\;D:\study_soft\MySQL\mysql-5.7.24-winx64\bin;D:\study_soft\pdftk_free\PDFtk\bin\;D:\study_soft\apache-maven-3.8.6\bin;D:\study_soft\tomcat\apache-tomcat-8.5.68\bin;D:\study_soft\anaconda3;D:\study_soft\anaconda3\Library\mingw-w64\bin;D:\study_soft\anaconda3\Library\usr\bin;D:\study_soft\anaconda3\Library\bin;D:\study_soft\anaconda3\Scripts;C:\Users\qrc\AppData\Local\Programs\Python\Python310\Scripts\;C:\Users\qrc\AppData\Local\Programs\Python\Python310\;C:\Users\qrc\AppData\Local\Programs\Python\Launcher\;C:\Users\qrc\AppData\Local\Microsoft\WindowsApps;C:\Program Files\Bandizip\;C:\Java\jdk-18\bin;D:\study_soft\vscode\Microsoft VS Code\bin;D:\study_soft\mingw64\bin;D:\study_soft\pycharm\PyCharm 2022.2.3\bin;;."/>
    <property name="java.vm.info" value="mixed mode, sharing"/>
    <property name="java.vendor" value="Oracle Corporation"/>
    <property name="java.vm.version" value="18+36-2087"/>
    <property name="sun.io.unicode.encoding" value="UnicodeLittle"/>
    <property name="java.class.version" value="62.0"/>
  </properties>
  <testcase name="contextLoads" classname="com.qrc.Springboot01DemoApplicationTests" time="0.943"/>
</testsuite>